Started GET "/" for 127.0.0.1 at 2019-04-23 17:51:43 +0530
Processing by ApplicationController#hello as HTML
  Rendering html template
  Rendered html template (0.0ms)
Completed 200 OK in 13ms (Views: 6.2ms | ActiveRecord: 0.0ms)


  [1m[35m (0.1ms)[0m  [1m[34mSELECT sqlite_version(*)[0m
  ↳ /Users/jk048034/.rvm/rubies/ruby-2.3.3/lib/ruby/gems/2.3.0/gems/rake-12.3.2/lib/rake/task.rb:273
  [1m[35m (1.0ms)[0m  [1m[35mCREATE TABLE "schema_migrations" ("version" varchar NOT NULL PRIMARY KEY)[0m
  ↳ /Users/jk048034/.rvm/rubies/ruby-2.3.3/lib/ruby/gems/2.3.0/gems/rake-12.3.2/lib/rake/task.rb:273
  [1m[35m (0.9ms)[0m  [1m[35mCREATE TABLE "ar_internal_metadata" ("key" varchar NOT NULL PRIMARY KEY, "value" varchar, "created_at" datetime NOT NULL, "updated_at" datetime NOT NULL)[0m
  ↳ /Users/jk048034/.rvm/rubies/ruby-2.3.3/lib/ruby/gems/2.3.0/gems/rake-12.3.2/lib/rake/task.rb:273
  [1m[35m (0.2ms)[0m  [1m[34mSELECT "schema_migrations"."version" FROM "schema_migrations" ORDER BY "schema_migrations"."version" ASC[0m
  ↳ /Users/jk048034/.rvm/rubies/ruby-2.3.3/lib/ruby/gems/2.3.0/gems/rake-12.3.2/lib/rake/task.rb:273
Migrating to CreateUsers (20190423122817)
  [1m[35m (0.1ms)[0m  [1m[36mbegin transaction[0m
  ↳ /Users/jk048034/.rvm/rubies/ruby-2.3.3/lib/ruby/gems/2.3.0/gems/rake-12.3.2/lib/rake/task.rb:273
  [1m[35m (0.5ms)[0m  [1m[35mCREATE TABLE "users" ("id" integer PRIMARY KEY AUTOINCREMENT NOT NULL, "name" varchar, "email" varchar, "created_at" datetime NOT NULL, "updated_at" datetime NOT NULL)[0m
  ↳ db/migrate/20190423122817_create_users.rb:3
  [1m[36mActiveRecord::SchemaMigration Create (0.2ms)[0m  [1m[32mINSERT INTO "schema_migrations" ("version") VALUES (?)[0m  [["version", "20190423122817"]]
  ↳ /Users/jk048034/.rvm/rubies/ruby-2.3.3/lib/ruby/gems/2.3.0/gems/rake-12.3.2/lib/rake/task.rb:273
  [1m[35m (0.7ms)[0m  [1m[36mcommit transaction[0m
  ↳ /Users/jk048034/.rvm/rubies/ruby-2.3.3/lib/ruby/gems/2.3.0/gems/rake-12.3.2/lib/rake/task.rb:273
  [1m[36mActiveRecord::InternalMetadata Load (0.1ms)[0m  [1m[34mSELECT  "ar_internal_metadata".* FROM "ar_internal_metadata" WHERE "ar_internal_metadata"."key" = ? LIMIT ?[0m  [["key", "environment"], ["LIMIT", 1]]
  ↳ /Users/jk048034/.rvm/rubies/ruby-2.3.3/lib/ruby/gems/2.3.0/gems/rake-12.3.2/lib/rake/task.rb:273
  [1m[35m (0.0ms)[0m  [1m[36mbegin transaction[0m
  ↳ /Users/jk048034/.rvm/rubies/ruby-2.3.3/lib/ruby/gems/2.3.0/gems/rake-12.3.2/lib/rake/task.rb:273
  [1m[36mActiveRecord::InternalMetadata Create (0.3ms)[0m  [1m[32mINSERT INTO "ar_internal_metadata" ("key", "value", "created_at", "updated_at") VALUES (?, ?, ?, ?)[0m  [["key", "environment"], ["value", "development"], ["created_at", "2019-04-23 12:28:53.806629"], ["updated_at", "2019-04-23 12:28:53.806629"]]
  ↳ /Users/jk048034/.rvm/rubies/ruby-2.3.3/lib/ruby/gems/2.3.0/gems/rake-12.3.2/lib/rake/task.rb:273
  [1m[35m (0.6ms)[0m  [1m[36mcommit transaction[0m
  ↳ /Users/jk048034/.rvm/rubies/ruby-2.3.3/lib/ruby/gems/2.3.0/gems/rake-12.3.2/lib/rake/task.rb:273
  [1m[35m (0.1ms)[0m  [1m[34mSELECT "schema_migrations"."version" FROM "schema_migrations" ORDER BY "schema_migrations"."version" ASC[0m
  ↳ /Users/jk048034/.rvm/rubies/ruby-2.3.3/lib/ruby/gems/2.3.0/gems/rake-12.3.2/lib/rake/task.rb:273
Started GET "/" for 127.0.0.1 at 2019-04-23 18:03:12 +0530
  [1m[35m (0.1ms)[0m  [1m[34mSELECT "schema_migrations"."version" FROM "schema_migrations" ORDER BY "schema_migrations"."version" ASC[0m
  ↳ /Users/jk048034/.rvm/rubies/ruby-2.3.3/lib/ruby/gems/2.3.0/gems/sprockets-rails-3.2.1/lib/sprockets/rails/quiet_assets.rb:13
Processing by ApplicationController#hello as HTML
  Rendering html template
  Rendered html template (0.1ms)
Completed 200 OK in 9ms (Views: 2.6ms | ActiveRecord: 0.0ms)


Started GET "/" for 127.0.0.1 at 2019-04-23 18:03:13 +0530
Processing by ApplicationController#hello as HTML
  Rendering html template
  Rendered html template (0.0ms)
Completed 200 OK in 1ms (Views: 0.3ms | ActiveRecord: 0.0ms)


Started GET "/" for 127.0.0.1 at 2019-04-23 18:03:48 +0530
Processing by ApplicationController#hello as HTML
  Rendering html template
  Rendered html template (0.1ms)
Completed 200 OK in 3ms (Views: 1.7ms | ActiveRecord: 0.0ms)


  
ActionController::RoutingError (No route matches [GET] "/assets/custom.self-1468bbbfe0c9345389b32fe90cd2bb26f8cd45538abf179598848caec11de3fc.css"):
  
actionpack (5.2.3) lib/action_dispatch/middleware/debug_exceptions.rb:65:in `call'
web-console (3.5.1) lib/web_console/middleware.rb:135:in `call_app'
web-console (3.5.1) lib/web_console/middleware.rb:28:in `block in call'
web-console (3.5.1) lib/web_console/middleware.rb:18:in `catch'
web-console (3.5.1) lib/web_console/middleware.rb:18:in `call'
actionpack (5.2.3) lib/action_dispatch/middleware/show_exceptions.rb:33:in `call'
railties (5.2.3) lib/rails/rack/logger.rb:38:in `call_app'
railties (5.2.3) lib/rails/rack/logger.rb:26:in `block in call'
activesupport (5.2.3) lib/active_support/tagged_logging.rb:71:in `block in tagged'
activesupport (5.2.3) lib/active_support/tagged_logging.rb:28:in `tagged'
activesupport (5.2.3) lib/active_support/tagged_logging.rb:71:in `tagged'
railties (5.2.3) lib/rails/rack/logger.rb:26:in `call'
sprockets-rails (3.2.1) lib/sprockets/rails/quiet_assets.rb:11:in `block in call'
activesupport (5.2.3) lib/active_support/logger_silence.rb:21:in `silence'
activesupport (5.2.3) lib/active_support/logger.rb:65:in `block (3 levels) in broadcast'
activesupport (5.2.3) lib/active_support/logger_silence.rb:21:in `silence'
activesupport (5.2.3) lib/active_support/logger.rb:63:in `block (2 levels) in broadcast'
sprockets-rails (3.2.1) lib/sprockets/rails/quiet_assets.rb:11:in `call'
actionpack (5.2.3) lib/action_dispatch/middleware/remote_ip.rb:81:in `call'
actionpack (5.2.3) lib/action_dispatch/middleware/request_id.rb:27:in `call'
rack (2.0.7) lib/rack/method_override.rb:22:in `call'
rack (2.0.7) lib/rack/runtime.rb:22:in `call'
activesupport (5.2.3) lib/active_support/cache/strategy/local_cache_middleware.rb:29:in `call'
actionpack (5.2.3) lib/action_dispatch/middleware/executor.rb:14:in `call'
actionpack (5.2.3) lib/action_dispatch/middleware/static.rb:127:in `call'
rack (2.0.7) lib/rack/sendfile.rb:111:in `call'
railties (5.2.3) lib/rails/engine.rb:524:in `call'
puma (3.9.1) lib/puma/configuration.rb:224:in `call'
puma (3.9.1) lib/puma/server.rb:602:in `handle_request'
puma (3.9.1) lib/puma/server.rb:435:in `process_client'
puma (3.9.1) lib/puma/server.rb:299:in `block in run'
puma (3.9.1) lib/puma/thread_pool.rb:120:in `block in spawn_thread'
Started GET "/persons/new" for 127.0.0.1 at 2019-04-24 17:37:16 +0530
  
ActionController::RoutingError (No route matches [GET] "/persons/new"):
  
actionpack (5.2.3) lib/action_dispatch/middleware/debug_exceptions.rb:65:in `call'
web-console (3.5.1) lib/web_console/middleware.rb:135:in `call_app'
web-console (3.5.1) lib/web_console/middleware.rb:28:in `block in call'
web-console (3.5.1) lib/web_console/middleware.rb:18:in `catch'
web-console (3.5.1) lib/web_console/middleware.rb:18:in `call'
actionpack (5.2.3) lib/action_dispatch/middleware/show_exceptions.rb:33:in `call'
railties (5.2.3) lib/rails/rack/logger.rb:38:in `call_app'
railties (5.2.3) lib/rails/rack/logger.rb:26:in `block in call'
activesupport (5.2.3) lib/active_support/tagged_logging.rb:71:in `block in tagged'
activesupport (5.2.3) lib/active_support/tagged_logging.rb:28:in `tagged'
activesupport (5.2.3) lib/active_support/tagged_logging.rb:71:in `tagged'
railties (5.2.3) lib/rails/rack/logger.rb:26:in `call'
sprockets-rails (3.2.1) lib/sprockets/rails/quiet_assets.rb:13:in `call'
actionpack (5.2.3) lib/action_dispatch/middleware/remote_ip.rb:81:in `call'
actionpack (5.2.3) lib/action_dispatch/middleware/request_id.rb:27:in `call'
rack (2.0.7) lib/rack/method_override.rb:22:in `call'
rack (2.0.7) lib/rack/runtime.rb:22:in `call'
activesupport (5.2.3) lib/active_support/cache/strategy/local_cache_middleware.rb:29:in `call'
actionpack (5.2.3) lib/action_dispatch/middleware/executor.rb:14:in `call'
actionpack (5.2.3) lib/action_dispatch/middleware/static.rb:127:in `call'
rack (2.0.7) lib/rack/sendfile.rb:111:in `call'
railties (5.2.3) lib/rails/engine.rb:524:in `call'
puma (3.9.1) lib/puma/configuration.rb:224:in `call'
puma (3.9.1) lib/puma/server.rb:602:in `handle_request'
puma (3.9.1) lib/puma/server.rb:435:in `process_client'
puma (3.9.1) lib/puma/server.rb:299:in `block in run'
puma (3.9.1) lib/puma/thread_pool.rb:120:in `block in spawn_thread'
  
ActionController::RoutingError (No route matches [GET] "/assets/custom.self-1468bbbfe0c9345389b32fe90cd2bb26f8cd45538abf179598848caec11de3fc.css"):
  
actionpack (5.2.3) lib/action_dispatch/middleware/debug_exceptions.rb:65:in `call'
web-console (3.5.1) lib/web_console/middleware.rb:135:in `call_app'
web-console (3.5.1) lib/web_console/middleware.rb:28:in `block in call'
web-console (3.5.1) lib/web_console/middleware.rb:18:in `catch'
web-console (3.5.1) lib/web_console/middleware.rb:18:in `call'
actionpack (5.2.3) lib/action_dispatch/middleware/show_exceptions.rb:33:in `call'
railties (5.2.3) lib/rails/rack/logger.rb:38:in `call_app'
railties (5.2.3) lib/rails/rack/logger.rb:26:in `block in call'
activesupport (5.2.3) lib/active_support/tagged_logging.rb:71:in `block in tagged'
activesupport (5.2.3) lib/active_support/tagged_logging.rb:28:in `tagged'
activesupport (5.2.3) lib/active_support/tagged_logging.rb:71:in `tagged'
railties (5.2.3) lib/rails/rack/logger.rb:26:in `call'
sprockets-rails (3.2.1) lib/sprockets/rails/quiet_assets.rb:11:in `block in call'
activesupport (5.2.3) lib/active_support/logger_silence.rb:21:in `silence'
activesupport (5.2.3) lib/active_support/logger.rb:65:in `block (3 levels) in broadcast'
activesupport (5.2.3) lib/active_support/logger_silence.rb:21:in `silence'
activesupport (5.2.3) lib/active_support/logger.rb:63:in `block (2 levels) in broadcast'
sprockets-rails (3.2.1) lib/sprockets/rails/quiet_assets.rb:11:in `call'
actionpack (5.2.3) lib/action_dispatch/middleware/remote_ip.rb:81:in `call'
actionpack (5.2.3) lib/action_dispatch/middleware/request_id.rb:27:in `call'
rack (2.0.7) lib/rack/method_override.rb:22:in `call'
rack (2.0.7) lib/rack/runtime.rb:22:in `call'
activesupport (5.2.3) lib/active_support/cache/strategy/local_cache_middleware.rb:29:in `call'
actionpack (5.2.3) lib/action_dispatch/middleware/executor.rb:14:in `call'
actionpack (5.2.3) lib/action_dispatch/middleware/static.rb:127:in `call'
rack (2.0.7) lib/rack/sendfile.rb:111:in `call'
railties (5.2.3) lib/rails/engine.rb:524:in `call'
puma (3.9.1) lib/puma/configuration.rb:224:in `call'
puma (3.9.1) lib/puma/server.rb:602:in `handle_request'
puma (3.9.1) lib/puma/server.rb:435:in `process_client'
puma (3.9.1) lib/puma/server.rb:299:in `block in run'
puma (3.9.1) lib/puma/thread_pool.rb:120:in `block in spawn_thread'
Started GET "/persons" for 127.0.0.1 at 2019-04-24 17:37:22 +0530
  
ActionController::RoutingError (No route matches [GET] "/persons"):
  
actionpack (5.2.3) lib/action_dispatch/middleware/debug_exceptions.rb:65:in `call'
web-console (3.5.1) lib/web_console/middleware.rb:135:in `call_app'
web-console (3.5.1) lib/web_console/middleware.rb:28:in `block in call'
web-console (3.5.1) lib/web_console/middleware.rb:18:in `catch'
web-console (3.5.1) lib/web_console/middleware.rb:18:in `call'
actionpack (5.2.3) lib/action_dispatch/middleware/show_exceptions.rb:33:in `call'
railties (5.2.3) lib/rails/rack/logger.rb:38:in `call_app'
railties (5.2.3) lib/rails/rack/logger.rb:26:in `block in call'
activesupport (5.2.3) lib/active_support/tagged_logging.rb:71:in `block in tagged'
activesupport (5.2.3) lib/active_support/tagged_logging.rb:28:in `tagged'
activesupport (5.2.3) lib/active_support/tagged_logging.rb:71:in `tagged'
railties (5.2.3) lib/rails/rack/logger.rb:26:in `call'
sprockets-rails (3.2.1) lib/sprockets/rails/quiet_assets.rb:13:in `call'
actionpack (5.2.3) lib/action_dispatch/middleware/remote_ip.rb:81:in `call'
actionpack (5.2.3) lib/action_dispatch/middleware/request_id.rb:27:in `call'
rack (2.0.7) lib/rack/method_override.rb:22:in `call'
rack (2.0.7) lib/rack/runtime.rb:22:in `call'
activesupport (5.2.3) lib/active_support/cache/strategy/local_cache_middleware.rb:29:in `call'
actionpack (5.2.3) lib/action_dispatch/middleware/executor.rb:14:in `call'
actionpack (5.2.3) lib/action_dispatch/middleware/static.rb:127:in `call'
rack (2.0.7) lib/rack/sendfile.rb:111:in `call'
railties (5.2.3) lib/rails/engine.rb:524:in `call'
puma (3.9.1) lib/puma/configuration.rb:224:in `call'
puma (3.9.1) lib/puma/server.rb:602:in `handle_request'
puma (3.9.1) lib/puma/server.rb:435:in `process_client'
puma (3.9.1) lib/puma/server.rb:299:in `block in run'
puma (3.9.1) lib/puma/thread_pool.rb:120:in `block in spawn_thread'
Started GET "/" for 127.0.0.1 at 2019-04-24 17:37:45 +0530
  [1m[35m (0.4ms)[0m  [1m[34mSELECT "schema_migrations"."version" FROM "schema_migrations" ORDER BY "schema_migrations"."version" ASC[0m
  ↳ /Users/jk048034/.rvm/rubies/ruby-2.3.3/lib/ruby/gems/2.3.0/gems/sprockets-rails-3.2.1/lib/sprockets/rails/quiet_assets.rb:13
Processing by ApplicationController#hello as HTML
  Rendering html template
  Rendered html template (0.0ms)
Completed 200 OK in 10ms (Views: 3.9ms | ActiveRecord: 0.0ms)


Started GET "/" for 127.0.0.1 at 2019-04-25 13:57:30 +0530
  [1m[35m (0.3ms)[0m  [1m[34mSELECT "schema_migrations"."version" FROM "schema_migrations" ORDER BY "schema_migrations"."version" ASC[0m
  ↳ /Users/jk048034/.rvm/rubies/ruby-2.3.3/lib/ruby/gems/2.3.0/gems/sprockets-rails-3.2.1/lib/sprockets/rails/quiet_assets.rb:13
Processing by ApplicationController#hello as HTML
  Rendering html template
  Rendered html template (0.0ms)
Completed 200 OK in 10ms (Views: 4.0ms | ActiveRecord: 0.0ms)


Started GET "/users" for 127.0.0.1 at 2019-04-25 14:10:35 +0530
Processing by UsersController#index as HTML
  Rendering users/index.html.erb within layouts/application
  [1m[36mUser Load (0.4ms)[0m  [1m[34mSELECT "users".* FROM "users"[0m
  ↳ app/views/users/index.html.erb:15
  Rendered users/index.html.erb within layouts/application (4.5ms)
Completed 200 OK in 1218ms (Views: 1211.4ms | ActiveRecord: 0.6ms)


Started GET "/users/new" for 127.0.0.1 at 2019-04-25 14:10:40 +0530
Processing by UsersController#new as HTML
  Rendering users/new.html.erb within layouts/application
  Rendered users/_form.html.erb (24.1ms)
  Rendered users/new.html.erb within layouts/application (29.3ms)
Completed 200 OK in 64ms (Views: 55.4ms | ActiveRecord: 0.4ms)


Started GET "/users" for 127.0.0.1 at 2019-04-25 14:10:42 +0530
Processing by UsersController#index as HTML
  Rendering users/index.html.erb within layouts/application
  [1m[36mUser Load (0.3ms)[0m  [1m[34mSELECT "users".* FROM "users"[0m
  ↳ app/views/users/index.html.erb:15
  Rendered users/index.html.erb within layouts/application (2.0ms)
Completed 200 OK in 31ms (Views: 27.1ms | ActiveRecord: 0.3ms)


Started GET "/users/new" for 127.0.0.1 at 2019-04-25 14:10:43 +0530
Processing by UsersController#new as HTML
  Rendering users/new.html.erb within layouts/application
  Rendered users/_form.html.erb (2.3ms)
  Rendered users/new.html.erb within layouts/application (5.0ms)
Completed 200 OK in 32ms (Views: 28.9ms | ActiveRecord: 0.0ms)


Started GET "/users" for 127.0.0.1 at 2019-04-25 14:10:45 +0530
Processing by UsersController#index as HTML
  Rendering users/index.html.erb within layouts/application
  [1m[36mUser Load (0.2ms)[0m  [1m[34mSELECT "users".* FROM "users"[0m
  ↳ app/views/users/index.html.erb:15
  Rendered users/index.html.erb within layouts/application (1.6ms)
Completed 200 OK in 57ms (Views: 52.9ms | ActiveRecord: 0.2ms)


Started GET "/users/new" for 127.0.0.1 at 2019-04-25 14:10:47 +0530
Processing by UsersController#new as HTML
  Rendering users/new.html.erb within layouts/application
  Rendered users/_form.html.erb (2.4ms)
  Rendered users/new.html.erb within layouts/application (5.5ms)
Completed 200 OK in 38ms (Views: 34.2ms | ActiveRecord: 0.0ms)


Started GET "/users" for 127.0.0.1 at 2019-04-25 14:12:11 +0530
Processing by UsersController#index as HTML
  Rendering users/index.html.erb within layouts/application
  [1m[36mUser Load (0.1ms)[0m  [1m[34mSELECT "users".* FROM "users"[0m
  ↳ app/views/users/index.html.erb:15
  Rendered users/index.html.erb within layouts/application (1.9ms)
Completed 200 OK in 35ms (Views: 31.2ms | ActiveRecord: 0.1ms)


Started GET "/users/new" for 127.0.0.1 at 2019-04-25 14:13:59 +0530
Processing by UsersController#new as HTML
  Rendering users/new.html.erb within layouts/application
  Rendered users/_form.html.erb (3.2ms)
  Rendered users/new.html.erb within layouts/application (6.0ms)
Completed 200 OK in 40ms (Views: 37.0ms | ActiveRecord: 0.0ms)


Started GET "/users" for 127.0.0.1 at 2019-04-25 14:13:59 +0530
Processing by UsersController#index as HTML
  Rendering users/index.html.erb within layouts/application
  [1m[36mUser Load (0.2ms)[0m  [1m[34mSELECT "users".* FROM "users"[0m
  ↳ app/views/users/index.html.erb:15
  Rendered users/index.html.erb within layouts/application (1.4ms)
Completed 200 OK in 38ms (Views: 33.5ms | ActiveRecord: 0.2ms)


Started GET "/users/1" for 127.0.0.1 at 2019-04-25 14:15:43 +0530
Processing by UsersController#show as HTML
  Parameters: {"id"=>"1"}
  [1m[36mUser Load (0.2ms)[0m  [1m[34mSELECT  "users".* FROM "users" WHERE "users"."id" = ? LIMIT ?[0m  [["id", 1], ["LIMIT", 1]]
  ↳ app/controllers/users_controller.rb:67
Completed 404 Not Found in 18ms (ActiveRecord: 0.2ms)


  
ActiveRecord::RecordNotFound (Couldn't find User with 'id'=1):
  
app/controllers/users_controller.rb:67:in `set_user'
Started GET "/users/new" for 127.0.0.1 at 2019-04-25 14:16:18 +0530
Processing by UsersController#new as HTML
  Rendering users/new.html.erb within layouts/application
  Rendered users/_form.html.erb (1.8ms)
  Rendered users/new.html.erb within layouts/application (4.7ms)
Completed 200 OK in 32ms (Views: 27.9ms | ActiveRecord: 0.0ms)


Started POST "/users" for 127.0.0.1 at 2019-04-25 14:16:59 +0530
Processing by UsersController#create as HTML
  Parameters: {"utf8"=>"✓", "authenticity_token"=>"tqOLJNCaisonJamvH6X2tGFIJK2IGgFbE7rWWEfULPN9rBuWzUM95MCQMvpE5ussQtNj2zyU9sbIcOWxPVVJdw==", "user"=>{"name"=>"javed khan", "email"=>"javed.khana@cerner.com"}, "commit"=>"Create User"}
  [1m[35m (0.1ms)[0m  [1m[36mbegin transaction[0m
  ↳ app/controllers/users_controller.rb:30
  [1m[36mUser Create (0.7ms)[0m  [1m[32mINSERT INTO "users" ("name", "email", "created_at", "updated_at") VALUES (?, ?, ?, ?)[0m  [["name", "javed khan"], ["email", "javed.khana@cerner.com"], ["created_at", "2019-04-25 08:46:59.229110"], ["updated_at", "2019-04-25 08:46:59.229110"]]
  ↳ app/controllers/users_controller.rb:30
  [1m[35m (0.7ms)[0m  [1m[36mcommit transaction[0m
  ↳ app/controllers/users_controller.rb:30
Redirected to http://0.0.0.0:3000/users/1
Completed 302 Found in 5ms (ActiveRecord: 1.4ms)


Started GET "/users/1" for 127.0.0.1 at 2019-04-25 14:16:59 +0530
Processing by UsersController#show as HTML
  Parameters: {"id"=>"1"}
  [1m[36mUser Load (0.1ms)[0m  [1m[34mSELECT  "users".* FROM "users" WHERE "users"."id" = ? LIMIT ?[0m  [["id", 1], ["LIMIT", 1]]
  ↳ app/controllers/users_controller.rb:67
  Rendering users/show.html.erb within layouts/application
  Rendered users/show.html.erb within layouts/application (0.6ms)
Completed 200 OK in 25ms (Views: 19.8ms | ActiveRecord: 0.1ms)


Started GET "/users/1/edit" for 127.0.0.1 at 2019-04-25 14:22:12 +0530
Processing by UsersController#edit as HTML
  Parameters: {"id"=>"1"}
  [1m[36mUser Load (0.1ms)[0m  [1m[34mSELECT  "users".* FROM "users" WHERE "users"."id" = ? LIMIT ?[0m  [["id", 1], ["LIMIT", 1]]
  ↳ app/controllers/users_controller.rb:67
  Rendering users/edit.html.erb within layouts/application
  Rendered users/_form.html.erb (2.4ms)
  Rendered users/edit.html.erb within layouts/application (5.2ms)
Completed 200 OK in 33ms (Views: 29.5ms | ActiveRecord: 0.1ms)


Started PATCH "/users/1" for 127.0.0.1 at 2019-04-25 14:22:15 +0530
Processing by UsersController#update as HTML
  Parameters: {"utf8"=>"✓", "authenticity_token"=>"98G8HV48wFyzei7HWfpUhOhv48SROSVugCNeoMcemfhmFJs9UOdbcSSlO1RVV51Z6gV7P7EthxIppcgr29HZDQ==", "user"=>{"name"=>"javed khan A", "email"=>"javed.khana@cerner.com"}, "commit"=>"Update User", "id"=>"1"}
  [1m[36mUser Load (0.1ms)[0m  [1m[34mSELECT  "users".* FROM "users" WHERE "users"."id" = ? LIMIT ?[0m  [["id", 1], ["LIMIT", 1]]
  ↳ app/controllers/users_controller.rb:67
  [1m[35m (0.1ms)[0m  [1m[36mbegin transaction[0m
  ↳ app/controllers/users_controller.rb:44
  [1m[36mUser Update (0.5ms)[0m  [1m[33mUPDATE "users" SET "name" = ?, "updated_at" = ? WHERE "users"."id" = ?[0m  [["name", "javed khan A"], ["updated_at", "2019-04-25 08:52:15.010548"], ["id", 1]]
  ↳ app/controllers/users_controller.rb:44
  [1m[35m (0.7ms)[0m  [1m[36mcommit transaction[0m
  ↳ app/controllers/users_controller.rb:44
Redirected to http://0.0.0.0:3000/users/1
Completed 302 Found in 6ms (ActiveRecord: 1.4ms)


Started GET "/users/1" for 127.0.0.1 at 2019-04-25 14:22:15 +0530
Processing by UsersController#show as HTML
  Parameters: {"id"=>"1"}
  [1m[36mUser Load (0.1ms)[0m  [1m[34mSELECT  "users".* FROM "users" WHERE "users"."id" = ? LIMIT ?[0m  [["id", 1], ["LIMIT", 1]]
  ↳ app/controllers/users_controller.rb:67
  Rendering users/show.html.erb within layouts/application
  Rendered users/show.html.erb within layouts/application (1.3ms)
Completed 200 OK in 43ms (Views: 40.2ms | ActiveRecord: 0.1ms)


Started GET "/users" for 127.0.0.1 at 2019-04-25 14:29:21 +0530
Processing by UsersController#index as HTML
  Rendering users/index.html.erb within layouts/application
  [1m[36mUser Load (0.3ms)[0m  [1m[34mSELECT "users".* FROM "users"[0m
  ↳ app/views/users/index.html.erb:15
  Rendered users/index.html.erb within layouts/application (2.2ms)
Completed 200 OK in 37ms (Views: 31.8ms | ActiveRecord: 0.3ms)


Started GET "/users/1" for 127.0.0.1 at 2019-04-25 14:29:24 +0530
Processing by UsersController#show as HTML
  Parameters: {"id"=>"1"}
  [1m[36mUser Load (0.2ms)[0m  [1m[34mSELECT  "users".* FROM "users" WHERE "users"."id" = ? LIMIT ?[0m  [["id", 1], ["LIMIT", 1]]
  ↳ app/controllers/users_controller.rb:67
  Rendering users/show.html.erb within layouts/application
  Rendered users/show.html.erb within layouts/application (0.6ms)
Completed 200 OK in 28ms (Views: 24.8ms | ActiveRecord: 0.2ms)


Started GET "/users" for 127.0.0.1 at 2019-04-25 14:29:25 +0530
Processing by UsersController#index as HTML
  Rendering users/index.html.erb within layouts/application
  [1m[36mUser Load (0.1ms)[0m  [1m[34mSELECT "users".* FROM "users"[0m
  ↳ app/views/users/index.html.erb:15
  Rendered users/index.html.erb within layouts/application (1.8ms)
Completed 200 OK in 30ms (Views: 25.8ms | ActiveRecord: 0.1ms)


Started GET "/users/1/edit" for 127.0.0.1 at 2019-04-25 14:29:26 +0530
Processing by UsersController#edit as HTML
  Parameters: {"id"=>"1"}
  [1m[36mUser Load (0.1ms)[0m  [1m[34mSELECT  "users".* FROM "users" WHERE "users"."id" = ? LIMIT ?[0m  [["id", 1], ["LIMIT", 1]]
  ↳ app/controllers/users_controller.rb:67
  Rendering users/edit.html.erb within layouts/application
  Rendered users/_form.html.erb (3.4ms)
  Rendered users/edit.html.erb within layouts/application (6.6ms)
Completed 200 OK in 36ms (Views: 31.9ms | ActiveRecord: 0.1ms)


Started GET "/users" for 127.0.0.1 at 2019-04-25 14:29:27 +0530
Processing by UsersController#index as HTML
  Rendering users/index.html.erb within layouts/application
  [1m[36mUser Load (0.1ms)[0m  [1m[34mSELECT "users".* FROM "users"[0m
  ↳ app/views/users/index.html.erb:15
  Rendered users/index.html.erb within layouts/application (1.8ms)
Completed 200 OK in 30ms (Views: 25.7ms | ActiveRecord: 0.1ms)


Started GET "/users/new" for 127.0.0.1 at 2019-04-25 14:29:50 +0530
Processing by UsersController#new as HTML
  Rendering users/new.html.erb within layouts/application
  Rendered users/_form.html.erb (2.3ms)
  Rendered users/new.html.erb within layouts/application (4.8ms)
Completed 200 OK in 36ms (Views: 33.4ms | ActiveRecord: 0.0ms)


Started POST "/users" for 127.0.0.1 at 2019-04-25 14:30:05 +0530
Processing by UsersController#create as HTML
  Parameters: {"utf8"=>"✓", "authenticity_token"=>"FkNBHYaJNr8yuDqzhWZNw+if4abQySvpojiEbjzEEendTNGvm1CBkdUNoebeJVBbywSm0GRH3HR58reHRkV0bQ==", "user"=>{"name"=>"abc def", "email"=>"abc@def.com"}, "commit"=>"Create User"}
  [1m[35m (0.1ms)[0m  [1m[36mbegin transaction[0m
  ↳ app/controllers/users_controller.rb:30
  [1m[36mUser Create (0.7ms)[0m  [1m[32mINSERT INTO "users" ("name", "email", "created_at", "updated_at") VALUES (?, ?, ?, ?)[0m  [["name", "abc def"], ["email", "abc@def.com"], ["created_at", "2019-04-25 09:00:05.178221"], ["updated_at", "2019-04-25 09:00:05.178221"]]
  ↳ app/controllers/users_controller.rb:30
  [1m[35m (1.2ms)[0m  [1m[36mcommit transaction[0m
  ↳ app/controllers/users_controller.rb:30
Redirected to http://0.0.0.0:3000/users/2
Completed 302 Found in 5ms (ActiveRecord: 1.9ms)


Started GET "/users/2" for 127.0.0.1 at 2019-04-25 14:30:05 +0530
Processing by UsersController#show as HTML
  Parameters: {"id"=>"2"}
  [1m[36mUser Load (0.2ms)[0m  [1m[34mSELECT  "users".* FROM "users" WHERE "users"."id" = ? LIMIT ?[0m  [["id", 2], ["LIMIT", 1]]
  ↳ app/controllers/users_controller.rb:67
  Rendering users/show.html.erb within layouts/application
  Rendered users/show.html.erb within layouts/application (0.6ms)
Completed 200 OK in 26ms (Views: 21.6ms | ActiveRecord: 0.2ms)


Started GET "/users" for 127.0.0.1 at 2019-04-25 14:30:06 +0530
Processing by UsersController#index as HTML
  Rendering users/index.html.erb within layouts/application
  [1m[36mUser Load (0.1ms)[0m  [1m[34mSELECT "users".* FROM "users"[0m
  ↳ app/views/users/index.html.erb:15
  Rendered users/index.html.erb within layouts/application (2.2ms)
Completed 200 OK in 31ms (Views: 27.7ms | ActiveRecord: 0.1ms)


Started DELETE "/users/2" for 127.0.0.1 at 2019-04-25 14:30:34 +0530
Processing by UsersController#destroy as HTML
  Parameters: {"authenticity_token"=>"gDPyQOI2/4rbIZg2h8HCR4RNrDTkgV9GT5v3LGLp7JKr7Nt39F0zFzzalDZRIgEl5uW9rELJ9PCYolb9d/YSow==", "id"=>"2"}
  [1m[36mUser Load (0.1ms)[0m  [1m[34mSELECT  "users".* FROM "users" WHERE "users"."id" = ? LIMIT ?[0m  [["id", 2], ["LIMIT", 1]]
  ↳ app/controllers/users_controller.rb:67
  [1m[35m (0.0ms)[0m  [1m[36mbegin transaction[0m
  ↳ app/controllers/users_controller.rb:57
  [1m[36mUser Destroy (0.3ms)[0m  [1m[31mDELETE FROM "users" WHERE "users"."id" = ?[0m  [["id", 2]]
  ↳ app/controllers/users_controller.rb:57
  [1m[35m (2.6ms)[0m  [1m[36mcommit transaction[0m
  ↳ app/controllers/users_controller.rb:57
Redirected to http://0.0.0.0:3000/users
Completed 302 Found in 6ms (ActiveRecord: 3.0ms)


Started GET "/users" for 127.0.0.1 at 2019-04-25 14:30:34 +0530
Processing by UsersController#index as HTML
  Rendering users/index.html.erb within layouts/application
  [1m[36mUser Load (0.1ms)[0m  [1m[34mSELECT "users".* FROM "users"[0m
  ↳ app/views/users/index.html.erb:15
  Rendered users/index.html.erb within layouts/application (1.8ms)
Completed 200 OK in 24ms (Views: 21.5ms | ActiveRecord: 0.1ms)


Started GET "/users/new" for 127.0.0.1 at 2019-04-25 14:34:34 +0530
Processing by UsersController#new as HTML
  Rendering users/new.html.erb within layouts/application
  Rendered users/_form.html.erb (1.8ms)
  Rendered users/new.html.erb within layouts/application (4.6ms)
Completed 200 OK in 33ms (Views: 29.7ms | ActiveRecord: 0.0ms)


Started POST "/users" for 127.0.0.1 at 2019-04-25 14:34:39 +0530
Processing by UsersController#create as HTML
  Parameters: {"utf8"=>"✓", "authenticity_token"=>"a8OHMN4WcsYHbmicnR8URHf2AHUTTUz26rZtNFdRo1GgzBeCw8/F6ODb88nGXAncVG1HA6fDu2sxfF7dLdDG1Q==", "user"=>{"name"=>"smdfhlk", "email"=>"mkdlsmg@dfg.com"}, "commit"=>"Create User"}
  [1m[35m (0.1ms)[0m  [1m[36mbegin transaction[0m
  ↳ app/controllers/users_controller.rb:30
  [1m[36mUser Create (0.4ms)[0m  [1m[32mINSERT INTO "users" ("name", "email", "created_at", "updated_at") VALUES (?, ?, ?, ?)[0m  [["name", "smdfhlk"], ["email", "mkdlsmg@dfg.com"], ["created_at", "2019-04-25 09:04:39.513617"], ["updated_at", "2019-04-25 09:04:39.513617"]]
  ↳ app/controllers/users_controller.rb:30
  [1m[35m (0.8ms)[0m  [1m[36mcommit transaction[0m
  ↳ app/controllers/users_controller.rb:30
Redirected to http://0.0.0.0:3000/users/3
Completed 302 Found in 4ms (ActiveRecord: 1.2ms)


Started GET "/users/3" for 127.0.0.1 at 2019-04-25 14:34:39 +0530
Processing by UsersController#show as HTML
  Parameters: {"id"=>"3"}
  [1m[36mUser Load (0.1ms)[0m  [1m[34mSELECT  "users".* FROM "users" WHERE "users"."id" = ? LIMIT ?[0m  [["id", 3], ["LIMIT", 1]]
  ↳ app/controllers/users_controller.rb:67
  Rendering users/show.html.erb within layouts/application
  Rendered users/show.html.erb within layouts/application (0.7ms)
Completed 200 OK in 27ms (Views: 24.1ms | ActiveRecord: 0.1ms)


Started GET "/users/3" for 127.0.0.1 at 2019-04-25 14:35:01 +0530
Processing by UsersController#show as HTML
  Parameters: {"id"=>"3"}
  [1m[36mUser Load (0.1ms)[0m  [1m[34mSELECT  "users".* FROM "users" WHERE "users"."id" = ? LIMIT ?[0m  [["id", 3], ["LIMIT", 1]]
  ↳ app/controllers/users_controller.rb:67
  Rendering users/show.html.erb within layouts/application
  Rendered users/show.html.erb within layouts/application (0.6ms)
Completed 200 OK in 25ms (Views: 21.2ms | ActiveRecord: 0.1ms)


Started GET "/users" for 127.0.0.1 at 2019-04-25 14:35:33 +0530
Processing by UsersController#index as HTML
  Rendering users/index.html.erb within layouts/application
  [1m[36mUser Load (0.2ms)[0m  [1m[34mSELECT "users".* FROM "users"[0m
  ↳ app/views/users/index.html.erb:15
  Rendered users/index.html.erb within layouts/application (1.9ms)
Completed 200 OK in 30ms (Views: 26.4ms | ActiveRecord: 0.2ms)


Started GET "/users/new" for 127.0.0.1 at 2019-04-25 14:35:37 +0530
Processing by UsersController#new as HTML
  Rendering users/new.html.erb within layouts/application
  Rendered users/_form.html.erb (2.2ms)
  Rendered users/new.html.erb within layouts/application (5.6ms)
Completed 200 OK in 35ms (Views: 31.3ms | ActiveRecord: 0.0ms)


Started POST "/users" for 127.0.0.1 at 2019-04-25 14:35:38 +0530
Processing by UsersController#create as HTML
  Parameters: {"utf8"=>"✓", "authenticity_token"=>"mWeFU78gY4t+AXq40uGY+oZWIe0luzBJIlAFbUyTcVBSaBXhovnUpZm04e2JooVipc1mm5E1x9T5mjaENhIU1A==", "user"=>{"name"=>"", "email"=>""}, "commit"=>"Create User"}
  [1m[35m (0.1ms)[0m  [1m[36mbegin transaction[0m
  ↳ app/controllers/users_controller.rb:30
  [1m[36mUser Create (0.4ms)[0m  [1m[32mINSERT INTO "users" ("name", "email", "created_at", "updated_at") VALUES (?, ?, ?, ?)[0m  [["name", ""], ["email", ""], ["created_at", "2019-04-25 09:05:38.671667"], ["updated_at", "2019-04-25 09:05:38.671667"]]
  ↳ app/controllers/users_controller.rb:30
  [1m[35m (2.9ms)[0m  [1m[36mcommit transaction[0m
  ↳ app/controllers/users_controller.rb:30
Redirected to http://0.0.0.0:3000/users/4
Completed 302 Found in 7ms (ActiveRecord: 3.3ms)


Started GET "/users/4" for 127.0.0.1 at 2019-04-25 14:35:38 +0530
Processing by UsersController#show as HTML
  Parameters: {"id"=>"4"}
  [1m[36mUser Load (0.1ms)[0m  [1m[34mSELECT  "users".* FROM "users" WHERE "users"."id" = ? LIMIT ?[0m  [["id", 4], ["LIMIT", 1]]
  ↳ app/controllers/users_controller.rb:67
  Rendering users/show.html.erb within layouts/application
  Rendered users/show.html.erb within layouts/application (0.6ms)
Completed 200 OK in 30ms (Views: 27.3ms | ActiveRecord: 0.1ms)


Started GET "/users" for 127.0.0.1 at 2019-04-25 14:35:42 +0530
Processing by UsersController#index as HTML
  Rendering users/index.html.erb within layouts/application
  [1m[36mUser Load (0.2ms)[0m  [1m[34mSELECT "users".* FROM "users"[0m
  ↳ app/views/users/index.html.erb:15
  Rendered users/index.html.erb within layouts/application (1.9ms)
Completed 200 OK in 32ms (Views: 27.7ms | ActiveRecord: 0.2ms)


Started DELETE "/users/4" for 127.0.0.1 at 2019-04-25 14:35:46 +0530
Processing by UsersController#destroy as HTML
  Parameters: {"authenticity_token"=>"8eix+Wr8/WDIQDek8fShfsKNJ60DIq7wH1/eckuHYSLaN5jOfJcx/S+7O6QnF2IcoCU2NaVqBUbIZn+jXpifEw==", "id"=>"4"}
  [1m[36mUser Load (0.1ms)[0m  [1m[34mSELECT  "users".* FROM "users" WHERE "users"."id" = ? LIMIT ?[0m  [["id", 4], ["LIMIT", 1]]
  ↳ app/controllers/users_controller.rb:67
  [1m[35m (0.1ms)[0m  [1m[36mbegin transaction[0m
  ↳ app/controllers/users_controller.rb:57
  [1m[36mUser Destroy (0.3ms)[0m  [1m[31mDELETE FROM "users" WHERE "users"."id" = ?[0m  [["id", 4]]
  ↳ app/controllers/users_controller.rb:57
  [1m[35m (2.3ms)[0m  [1m[36mcommit transaction[0m
  ↳ app/controllers/users_controller.rb:57
Redirected to http://0.0.0.0:3000/users
Completed 302 Found in 6ms (ActiveRecord: 2.9ms)


Started GET "/users" for 127.0.0.1 at 2019-04-25 14:35:46 +0530
Processing by UsersController#index as HTML
  Rendering users/index.html.erb within layouts/application
  [1m[36mUser Load (0.1ms)[0m  [1m[34mSELECT "users".* FROM "users"[0m
  ↳ app/views/users/index.html.erb:15
  Rendered users/index.html.erb within layouts/application (1.4ms)
Completed 200 OK in 25ms (Views: 21.7ms | ActiveRecord: 0.1ms)


Started GET "/users" for 127.0.0.1 at 2019-04-25 14:35:50 +0530
Processing by UsersController#index as HTML
  Rendering users/index.html.erb within layouts/application
  [1m[36mUser Load (0.1ms)[0m  [1m[34mSELECT "users".* FROM "users"[0m
  ↳ app/views/users/index.html.erb:15
  Rendered users/index.html.erb within layouts/application (1.7ms)
Completed 200 OK in 27ms (Views: 23.8ms | ActiveRecord: 0.1ms)


Started GET "/" for 127.0.0.1 at 2019-04-25 14:41:45 +0530
Processing by UsersController#index as HTML
  Rendering users/index.html.erb within layouts/application
  [1m[36mUser Load (0.2ms)[0m  [1m[34mSELECT "users".* FROM "users"[0m
  ↳ app/views/users/index.html.erb:15
  Rendered users/index.html.erb within layouts/application (6.1ms)
Completed 200 OK in 32ms (Views: 26.3ms | ActiveRecord: 0.6ms)


Started GET "/" for 127.0.0.1 at 2019-04-25 14:41:51 +0530
Processing by UsersController#index as HTML
  Rendering users/index.html.erb within layouts/application
  [1m[36mUser Load (0.1ms)[0m  [1m[34mSELECT "users".* FROM "users"[0m
  ↳ app/views/users/index.html.erb:15
  Rendered users/index.html.erb within layouts/application (1.6ms)
Completed 200 OK in 24ms (Views: 21.3ms | ActiveRecord: 0.1ms)


  [1m[35m (0.1ms)[0m  [1m[34mSELECT "schema_migrations"."version" FROM "schema_migrations" ORDER BY "schema_migrations"."version" ASC[0m
  ↳ /Users/jk048034/.rvm/rubies/ruby-2.3.3/lib/ruby/gems/2.3.0/gems/rake-12.3.2/lib/rake/task.rb:273
Migrating to CreateMicroposts (20190425094628)
  [1m[35m (0.1ms)[0m  [1m[36mbegin transaction[0m
  ↳ /Users/jk048034/.rvm/rubies/ruby-2.3.3/lib/ruby/gems/2.3.0/gems/rake-12.3.2/lib/rake/task.rb:273
  [1m[35m (0.1ms)[0m  [1m[34mSELECT sqlite_version(*)[0m
  ↳ db/migrate/20190425094628_create_microposts.rb:3
  [1m[35m (0.4ms)[0m  [1m[35mCREATE TABLE "microposts" ("id" integer PRIMARY KEY AUTOINCREMENT NOT NULL, "content" text, "user_id" integer, "created_at" datetime NOT NULL, "updated_at" datetime NOT NULL)[0m
  ↳ db/migrate/20190425094628_create_microposts.rb:3
  [1m[36mActiveRecord::SchemaMigration Create (0.2ms)[0m  [1m[32mINSERT INTO "schema_migrations" ("version") VALUES (?)[0m  [["version", "20190425094628"]]
  ↳ /Users/jk048034/.rvm/rubies/ruby-2.3.3/lib/ruby/gems/2.3.0/gems/rake-12.3.2/lib/rake/task.rb:273
  [1m[35m (0.9ms)[0m  [1m[36mcommit transaction[0m
  ↳ /Users/jk048034/.rvm/rubies/ruby-2.3.3/lib/ruby/gems/2.3.0/gems/rake-12.3.2/lib/rake/task.rb:273
  [1m[36mActiveRecord::InternalMetadata Load (0.2ms)[0m  [1m[34mSELECT  "ar_internal_metadata".* FROM "ar_internal_metadata" WHERE "ar_internal_metadata"."key" = ? LIMIT ?[0m  [["key", "environment"], ["LIMIT", 1]]
  ↳ /Users/jk048034/.rvm/rubies/ruby-2.3.3/lib/ruby/gems/2.3.0/gems/rake-12.3.2/lib/rake/task.rb:273
  [1m[35m (0.1ms)[0m  [1m[36mbegin transaction[0m
  ↳ /Users/jk048034/.rvm/rubies/ruby-2.3.3/lib/ruby/gems/2.3.0/gems/rake-12.3.2/lib/rake/task.rb:273
  [1m[35m (0.0ms)[0m  [1m[36mcommit transaction[0m
  ↳ /Users/jk048034/.rvm/rubies/ruby-2.3.3/lib/ruby/gems/2.3.0/gems/rake-12.3.2/lib/rake/task.rb:273
  [1m[35m (0.2ms)[0m  [1m[34mSELECT "schema_migrations"."version" FROM "schema_migrations" ORDER BY "schema_migrations"."version" ASC[0m
  ↳ /Users/jk048034/.rvm/rubies/ruby-2.3.3/lib/ruby/gems/2.3.0/gems/rake-12.3.2/lib/rake/task.rb:273
Started GET "/microposts/new" for 127.0.0.1 at 2019-04-25 15:20:20 +0530
  [1m[35m (0.1ms)[0m  [1m[34mSELECT "schema_migrations"."version" FROM "schema_migrations" ORDER BY "schema_migrations"."version" ASC[0m
  ↳ /Users/jk048034/.rvm/rubies/ruby-2.3.3/lib/ruby/gems/2.3.0/gems/sprockets-rails-3.2.1/lib/sprockets/rails/quiet_assets.rb:13
Processing by MicropostsController#new as HTML
  Rendering microposts/new.html.erb within layouts/application
  Rendered microposts/_form.html.erb (16.0ms)
  Rendered microposts/new.html.erb within layouts/application (20.1ms)
Completed 200 OK in 805ms (Views: 785.7ms | ActiveRecord: 0.7ms)


Started POST "/microposts" for 127.0.0.1 at 2019-04-25 15:20:56 +0530
Processing by MicropostsController#create as HTML
  Parameters: {"utf8"=>"✓", "authenticity_token"=>"mkzKiSMGKU24K+JkeRoTQLJIsdixc1Ya8iQ0JJ4E7TGxk+O+NW3l0F/Q7mSv+dAi0OCgQBc7/awlHZX1ixsTAA==", "micropost"=>{"content"=>"abc", "user_id"=>"1"}, "commit"=>"Create Micropost"}
  [1m[35m (0.1ms)[0m  [1m[36mbegin transaction[0m
  ↳ app/controllers/microposts_controller.rb:30
  [1m[36mMicropost Create (0.4ms)[0m  [1m[32mINSERT INTO "microposts" ("content", "user_id", "created_at", "updated_at") VALUES (?, ?, ?, ?)[0m  [["content", "abc"], ["user_id", 1], ["created_at", "2019-04-25 09:50:56.834345"], ["updated_at", "2019-04-25 09:50:56.834345"]]
  ↳ app/controllers/microposts_controller.rb:30
  [1m[35m (0.7ms)[0m  [1m[36mcommit transaction[0m
  ↳ app/controllers/microposts_controller.rb:30
Redirected to http://0.0.0.0:3000/microposts/1
Completed 302 Found in 4ms (ActiveRecord: 1.1ms)


Started GET "/microposts/1" for 127.0.0.1 at 2019-04-25 15:20:56 +0530
Processing by MicropostsController#show as HTML
  Parameters: {"id"=>"1"}
  [1m[36mMicropost Load (0.2ms)[0m  [1m[34mSELECT  "microposts".* FROM "microposts" WHERE "microposts"."id" = ? LIMIT ?[0m  [["id", 1], ["LIMIT", 1]]
  ↳ app/controllers/microposts_controller.rb:67
  Rendering microposts/show.html.erb within layouts/application
  Rendered microposts/show.html.erb within layouts/application (0.8ms)
Completed 200 OK in 46ms (Views: 39.5ms | ActiveRecord: 0.2ms)


Started GET "/microposts" for 127.0.0.1 at 2019-04-25 15:20:58 +0530
Processing by MicropostsController#index as HTML
  Rendering microposts/index.html.erb within layouts/application
  [1m[36mMicropost Load (0.2ms)[0m  [1m[34mSELECT "microposts".* FROM "microposts"[0m
  ↳ app/views/microposts/index.html.erb:15
  Rendered microposts/index.html.erb within layouts/application (1.5ms)
Completed 200 OK in 32ms (Views: 28.7ms | ActiveRecord: 0.2ms)


Started GET "/microposts/new" for 127.0.0.1 at 2019-04-25 15:20:59 +0530
Processing by MicropostsController#new as HTML
  Rendering microposts/new.html.erb within layouts/application
  Rendered microposts/_form.html.erb (1.7ms)
  Rendered microposts/new.html.erb within layouts/application (4.3ms)
Completed 200 OK in 34ms (Views: 29.9ms | ActiveRecord: 0.0ms)


Started POST "/microposts" for 127.0.0.1 at 2019-04-25 15:21:07 +0530
Processing by MicropostsController#create as HTML
  Parameters: {"utf8"=>"✓", "authenticity_token"=>"sGjTA/b2ya533InBBmBLvzpZ6/+zed5rRR18hPMYwnJlHMGOn6+oAMBYNc2kIj/yY+PYSbY70fTKQoRUADXRxw==", "micropost"=>{"content"=>"def", "user_id"=>"1"}, "commit"=>"Create Micropost"}
  [1m[35m (0.1ms)[0m  [1m[36mbegin transaction[0m
  ↳ app/controllers/microposts_controller.rb:30
  [1m[36mMicropost Create (0.4ms)[0m  [1m[32mINSERT INTO "microposts" ("content", "user_id", "created_at", "updated_at") VALUES (?, ?, ?, ?)[0m  [["content", "def"], ["user_id", 1], ["created_at", "2019-04-25 09:51:07.123759"], ["updated_at", "2019-04-25 09:51:07.123759"]]
  ↳ app/controllers/microposts_controller.rb:30
  [1m[35m (1.0ms)[0m  [1m[36mcommit transaction[0m
  ↳ app/controllers/microposts_controller.rb:30
Redirected to http://0.0.0.0:3000/microposts/2
Completed 302 Found in 5ms (ActiveRecord: 1.5ms)


Started GET "/microposts/2" for 127.0.0.1 at 2019-04-25 15:21:07 +0530
Processing by MicropostsController#show as HTML
  Parameters: {"id"=>"2"}
  [1m[36mMicropost Load (0.2ms)[0m  [1m[34mSELECT  "microposts".* FROM "microposts" WHERE "microposts"."id" = ? LIMIT ?[0m  [["id", 2], ["LIMIT", 1]]
  ↳ app/controllers/microposts_controller.rb:67
  Rendering microposts/show.html.erb within layouts/application
  Rendered microposts/show.html.erb within layouts/application (0.7ms)
Completed 200 OK in 49ms (Views: 45.4ms | ActiveRecord: 0.2ms)


Started GET "/microposts" for 127.0.0.1 at 2019-04-25 15:21:09 +0530
Processing by MicropostsController#index as HTML
  Rendering microposts/index.html.erb within layouts/application
  [1m[36mMicropost Load (0.1ms)[0m  [1m[34mSELECT "microposts".* FROM "microposts"[0m
  ↳ app/views/microposts/index.html.erb:15
  Rendered microposts/index.html.erb within layouts/application (2.0ms)
Completed 200 OK in 43ms (Views: 37.0ms | ActiveRecord: 0.1ms)


Started GET "/microposts/new" for 127.0.0.1 at 2019-04-25 16:20:10 +0530
Processing by MicropostsController#new as HTML
  Rendering microposts/new.html.erb within layouts/application
  Rendered microposts/_form.html.erb (2.3ms)
  Rendered microposts/new.html.erb within layouts/application (5.0ms)
Completed 200 OK in 62ms (Views: 49.0ms | ActiveRecord: 0.7ms)


Started GET "/microposts/new" for 127.0.0.1 at 2019-04-25 16:20:15 +0530
Processing by MicropostsController#new as HTML
  Rendering microposts/new.html.erb within layouts/application
  Rendered microposts/_form.html.erb (2.4ms)
  Rendered microposts/new.html.erb within layouts/application (6.1ms)
Completed 200 OK in 44ms (Views: 41.0ms | ActiveRecord: 0.0ms)


Started POST "/microposts" for 127.0.0.1 at 2019-04-25 16:20:25 +0530
Processing by MicropostsController#create as HTML
  Parameters: {"utf8"=>"✓", "authenticity_token"=>"1qm3CYT4Riy0yIFgd6F1a0OXN1A99rq/NU0a4U6sl5X9dp4+kpOKsVMzjWChQrYJIT8myJu+EQnidLswW7NppA==", "micropost"=>{"content"=>"sdfmlsmfblksmlbmlskfmblsbls dflb skf lflvlsmfwojowirn", "user_id"=>"1"}, "commit"=>"Create Micropost"}
  [1m[35m (0.1ms)[0m  [1m[36mbegin transaction[0m
  ↳ app/controllers/microposts_controller.rb:30
  [1m[35m (0.1ms)[0m  [1m[31mrollback transaction[0m
  ↳ app/controllers/microposts_controller.rb:30
  Rendering microposts/new.html.erb within layouts/application
  Rendered microposts/_form.html.erb (2.5ms)
  Rendered microposts/new.html.erb within layouts/application (5.3ms)
Completed 200 OK in 43ms (Views: 38.4ms | ActiveRecord: 0.2ms)


  [1m[36mUser Load (0.3ms)[0m  [1m[34mSELECT  "users".* FROM "users" ORDER BY "users"."id" ASC LIMIT ?[0m  [["LIMIT", 1]]
Started GET "/microposts" for 127.0.0.1 at 2019-04-25 16:27:44 +0530
  [1m[35m (0.4ms)[0m  [1m[34mSELECT "schema_migrations"."version" FROM "schema_migrations" ORDER BY "schema_migrations"."version" ASC[0m
  ↳ /Users/jk048034/.rvm/rubies/ruby-2.3.3/lib/ruby/gems/2.3.0/gems/sprockets-rails-3.2.1/lib/sprockets/rails/quiet_assets.rb:13
Processing by MicropostsController#index as HTML
Completed 500 Internal Server Error in 8ms (ActiveRecord: 0.0ms)


  
SyntaxError (/Users/jk048034/Desktop/RubyDevLearning/Rails/environment/toy_app/app/models/micropost.rb:4: syntax error, unexpected ':', expecting keyword_end
    presence: true
             ^):
  
app/models/micropost.rb:4: syntax error, unexpected ':', expecting keyword_end
app/controllers/microposts_controller.rb:7:in `index'
Started GET "/microposts" for 127.0.0.1 at 2019-04-25 16:28:02 +0530
Processing by MicropostsController#index as HTML
Completed 500 Internal Server Error in 4ms (ActiveRecord: 0.0ms)


  
SyntaxError (/Users/jk048034/Desktop/RubyDevLearning/Rails/environment/toy_app/app/models/micropost.rb:4: syntax error, unexpected ':', expecting keyword_end
    presence: true
             ^):
  
app/models/micropost.rb:4: syntax error, unexpected ':', expecting keyword_end
app/controllers/microposts_controller.rb:7:in `index'
Started GET "/microposts" for 127.0.0.1 at 2019-04-25 16:28:21 +0530
Processing by MicropostsController#index as HTML
  Rendering microposts/index.html.erb within layouts/application
  [1m[36mMicropost Load (0.4ms)[0m  [1m[34mSELECT "microposts".* FROM "microposts"[0m
  ↳ app/views/microposts/index.html.erb:15
  Rendered microposts/index.html.erb within layouts/application (8.4ms)
Completed 200 OK in 209ms (Views: 196.9ms | ActiveRecord: 1.0ms)


Started GET "/microposts/new" for 127.0.0.1 at 2019-04-25 16:28:22 +0530
Processing by MicropostsController#new as HTML
  Rendering microposts/new.html.erb within layouts/application
  Rendered microposts/_form.html.erb (12.1ms)
  Rendered microposts/new.html.erb within layouts/application (18.1ms)
Completed 200 OK in 48ms (Views: 42.2ms | ActiveRecord: 0.0ms)


Started POST "/microposts" for 127.0.0.1 at 2019-04-25 16:28:24 +0530
Processing by MicropostsController#create as HTML
  Parameters: {"utf8"=>"✓", "authenticity_token"=>"5t8G9hcssFPgyHU+FRYsARMlVZhMy2+HeKl14tNJre4zqxR7fnXR/VdMyTK3VFhMSp9mLkmJYBj39o0yIGS+Ww==", "micropost"=>{"content"=>"", "user_id"=>""}, "commit"=>"Create Micropost"}
  [1m[35m (0.1ms)[0m  [1m[36mbegin transaction[0m
  ↳ app/controllers/microposts_controller.rb:30
  [1m[35m (0.1ms)[0m  [1m[31mrollback transaction[0m
  ↳ app/controllers/microposts_controller.rb:30
  Rendering microposts/new.html.erb within layouts/application
  Rendered microposts/_form.html.erb (1.9ms)
  Rendered microposts/new.html.erb within layouts/application (4.4ms)
Completed 200 OK in 44ms (Views: 29.2ms | ActiveRecord: 0.1ms)


Started GET "/microposts" for 127.0.0.1 at 2019-04-25 16:28:57 +0530
Processing by MicropostsController#index as HTML
  Rendering microposts/index.html.erb within layouts/application
  [1m[36mMicropost Load (0.2ms)[0m  [1m[34mSELECT "microposts".* FROM "microposts"[0m
  ↳ app/views/microposts/index.html.erb:15
  Rendered microposts/index.html.erb within layouts/application (6.3ms)
Completed 200 OK in 54ms (Views: 48.0ms | ActiveRecord: 0.7ms)


Started GET "/microposts/new" for 127.0.0.1 at 2019-04-25 16:28:58 +0530
Processing by MicropostsController#new as HTML
  Rendering microposts/new.html.erb within layouts/application
  Rendered microposts/_form.html.erb (3.6ms)
  Rendered microposts/new.html.erb within layouts/application (7.7ms)
Completed 200 OK in 45ms (Views: 40.6ms | ActiveRecord: 0.0ms)


Started POST "/microposts" for 127.0.0.1 at 2019-04-25 16:28:59 +0530
Processing by MicropostsController#create as HTML
  Parameters: {"utf8"=>"✓", "authenticity_token"=>"HkfSrB6q6IgBl9mCP4ZvI2vXSAwzraIzef1HKeC8YlPLM8Ahd/OJJrYTZY6dxBtuMm17ujbvraz2or/5E5Fx5g==", "micropost"=>{"content"=>"", "user_id"=>""}, "commit"=>"Create Micropost"}
  [1m[35m (0.1ms)[0m  [1m[36mbegin transaction[0m
  ↳ app/controllers/microposts_controller.rb:30
  [1m[35m (0.0ms)[0m  [1m[31mrollback transaction[0m
  ↳ app/controllers/microposts_controller.rb:30
  Rendering microposts/new.html.erb within layouts/application
  Rendered microposts/_form.html.erb (2.7ms)
  Rendered microposts/new.html.erb within layouts/application (5.7ms)
Completed 200 OK in 37ms (Views: 29.4ms | ActiveRecord: 0.1ms)


Started GET "/microposts" for 127.0.0.1 at 2019-04-25 16:30:33 +0530
Processing by MicropostsController#index as HTML
  Rendering microposts/index.html.erb within layouts/application
  [1m[36mMicropost Load (0.2ms)[0m  [1m[34mSELECT "microposts".* FROM "microposts"[0m
  ↳ app/views/microposts/index.html.erb:15
  Rendered microposts/index.html.erb within layouts/application (8.8ms)
Completed 200 OK in 43ms (Views: 36.9ms | ActiveRecord: 0.8ms)


Started GET "/users" for 127.0.0.1 at 2019-04-25 16:30:40 +0530
Processing by UsersController#index as HTML
  Rendering users/index.html.erb within layouts/application
  [1m[36mUser Load (0.4ms)[0m  [1m[34mSELECT "users".* FROM "users"[0m
  ↳ app/views/users/index.html.erb:15
  Rendered users/index.html.erb within layouts/application (8.7ms)
Completed 200 OK in 46ms (Views: 38.5ms | ActiveRecord: 0.8ms)


Started GET "/users/new" for 127.0.0.1 at 2019-04-25 16:30:42 +0530
Processing by UsersController#new as HTML
  Rendering users/new.html.erb within layouts/application
  Rendered users/_form.html.erb (4.4ms)
  Rendered users/new.html.erb within layouts/application (7.9ms)
Completed 200 OK in 41ms (Views: 35.6ms | ActiveRecord: 0.0ms)


Started POST "/users" for 127.0.0.1 at 2019-04-25 16:30:43 +0530
Processing by UsersController#create as HTML
  Parameters: {"utf8"=>"✓", "authenticity_token"=>"rCbo2sa/mfA9y6bR8TPS7P57VJvMCB6R7olxZj6Bhr1nKXho22Yu3tp+PYSqcM903eAT7XiG6Qw1Q0KPRADjOQ==", "user"=>{"name"=>"", "email"=>""}, "commit"=>"Create User"}
  [1m[35m (0.1ms)[0m  [1m[36mbegin transaction[0m
  ↳ app/controllers/users_controller.rb:30
  [1m[35m (0.1ms)[0m  [1m[31mrollback transaction[0m
  ↳ app/controllers/users_controller.rb:30
  Rendering users/new.html.erb within layouts/application
  Rendered users/_form.html.erb (2.4ms)
  Rendered users/new.html.erb within layouts/application (4.9ms)
Completed 200 OK in 36ms (Views: 33.1ms | ActiveRecord: 0.1ms)


